<?xml version="1.0" encoding="UTF-8"?>
<testsuite xmlns:xsi="http://www.w3.org/2001/XMLSchema-instance" xsi:noNamespaceSchemaLocation="https://maven.apache.org/surefire/maven-surefire-plugin/xsd/surefire-test-report-3.0.xsd" version="3.0" name="com.example.APS_simulation_tool.APSSimulationApplicationTests" time="13.842" tests="1" errors="0" skipped="0" failures="0">
  <properties>
[...]
</properties>
  <testcase name="contextLoads" classname="com.example.APS_simulation_tool.APSSimulationApplicationTests" time="1.362">
    <system-out><![CDATA[15:12:18.559 [main] INFO org.springframework.test.context.support.AnnotationConfigContextLoaderUtils -- Could not detect default configuration classes for test class [com.example.APS_simulation_tool.APSSimulationApplicationTests]: APSSimulationApplicationTests does not declare any static, non-private, non-final, nested classes annotated with @Configuration.
15:12:18.790 [main] INFO org.springframework.boot.test.context.SpringBootTestContextBootstrapper -- Found @SpringBootConfiguration com.example.APS_simulation_tool.APSSimulationApplication for test class com.example.APS_simulation_tool.APSSimulationApplicationTests
15:12:19.168 [main] INFO org.springframework.boot.devtools.restart.RestartApplicationListener -- Restart disabled due to context in which it is running

  .   ____          _            __ _ _
 /\\ / ___'_ __ _ _(_)_ __  __ _ \ \ \ \
( ( )\___ | '_ | '_| | '_ \/ _` | \ \ \ \
 \\/  ___)| |_)| | | | | || (_| |  ) ) ) )
  '  |____| .__|_| |_|_| |_\__, | / / / /
 =========|_|==============|___/=/_/_/_/
 :: Spring Boot ::                (v3.1.8)

2024-05-23T15:12:19.734+02:00  INFO 8424 --- [           main] c.e.A.APSSimulationApplicationTests      : Starting APSSimulationApplicationTests using Java 21.0.2 with PID 8424 (started by jaime in C:\Users\jaime\Documents\Uni-Freiburg\Newtec_ BA_Project\sprignboot-3-todo-app)
2024-05-23T15:12:19.736+02:00  INFO 8424 --- [           main] c.e.A.APSSimulationApplicationTests      : No active profile set, falling back to 1 default profile: "default"
2024-05-23T15:12:21.671+02:00  INFO 8424 --- [           main] .s.d.r.c.RepositoryConfigurationDelegate : Bootstrapping Spring Data JPA repositories in DEFAULT mode.
2024-05-23T15:12:21.862+02:00  INFO 8424 --- [           main] .s.d.r.c.RepositoryConfigurationDelegate : Finished Spring Data repository scanning in 160 ms. Found 3 JPA repository interfaces.
2024-05-23T15:12:22.994+02:00  INFO 8424 --- [           main] o.hibernate.jpa.internal.util.LogHelper  : HHH000204: Processing PersistenceUnitInfo [name: default]
2024-05-23T15:12:23.198+02:00  INFO 8424 --- [           main] org.hibernate.Version                    : HHH000412: Hibernate ORM core version 6.2.20.Final
2024-05-23T15:12:23.204+02:00  INFO 8424 --- [           main] org.hibernate.cfg.Environment            : HHH000406: Using bytecode reflection optimizer
2024-05-23T15:12:24.191+02:00  INFO 8424 --- [           main] o.s.o.j.p.SpringPersistenceUnitInfo      : No LoadTimeWeaver setup: ignoring JPA class transformer
2024-05-23T15:12:24.281+02:00  INFO 8424 --- [           main] com.zaxxer.hikari.HikariDataSource       : HikariPool-1 - Starting...
2024-05-23T15:12:24.994+02:00  INFO 8424 --- [           main] com.zaxxer.hikari.pool.HikariPool        : HikariPool-1 - Added connection conn0: url=jdbc:h2:file:./data/demo user=ADMIN
2024-05-23T15:12:24.998+02:00  INFO 8424 --- [           main] com.zaxxer.hikari.HikariDataSource       : HikariPool-1 - Start completed.
2024-05-23T15:12:25.103+02:00  WARN 8424 --- [           main] org.hibernate.orm.deprecation            : HHH90000025: H2Dialect does not need to be specified explicitly using 'hibernate.dialect' (remove the property setting and it will be selected by default)
2024-05-23T15:12:27.518+02:00  INFO 8424 --- [           main] o.h.e.t.j.p.i.JtaPlatformInitiator       : HHH000489: No JTA platform available (set 'hibernate.transaction.jta.platform' to enable JTA platform integration)
2024-05-23T15:12:27.608+02:00  INFO 8424 --- [           main] j.LocalContainerEntityManagerFactoryBean : Initialized JPA EntityManagerFactory for persistence unit 'default'
2024-05-23T15:12:29.614+02:00  WARN 8424 --- [           main] JpaBaseConfiguration$JpaWebConfiguration : spring.jpa.open-in-view is enabled by default. Therefore, database queries may be performed during view rendering. Explicitly configure spring.jpa.open-in-view to disable this warning
2024-05-23T15:12:30.161+02:00  INFO 8424 --- [           main] o.s.b.a.w.s.WelcomePageHandlerMapping    : Adding welcome page template: index
2024-05-23T15:12:30.523+02:00  INFO 8424 --- [           main] o.s.b.a.h2.H2ConsoleAutoConfiguration    : H2 console available at '/h2-console'. Database available at 'jdbc:h2:file:./data/demo'
2024-05-23T15:12:30.641+02:00  INFO 8424 --- [           main] c.e.A.APSSimulationApplicationTests      : Started APSSimulationApplicationTests in 11.504 seconds (process running for 14.032)
]]></system-out>
    <system-err><![CDATA[WARNING: A Java agent has been loaded dynamically (C:\Users\jaime\.m2\repository\net\bytebuddy\byte-buddy-agent\1.14.11\byte-buddy-agent-1.14.11.jar)
WARNING: If a serviceability tool is in use, please run with -XX:+EnableDynamicAgentLoading to hide this warning
WARNING: If a serviceability tool is not in use, please run with -Djdk.instrument.traceUsage for more information
WARNING: Dynamic loading of agents will be disallowed by default in a future release
]]></system-err>
  </testcase>
</testsuite>